
> anthony-guzman-portfolio@1.0.0 build
> vite build

[36mvite v5.4.21 [32mbuilding for production...[36m[39m
transforming...
[32mΓ£ô[39m 2167 modules transformed.
x Build failed in 3.03s
error during build:
src/components/Projects.jsx (5:9): "Github" is not exported by "node_modules/lucide-react/dist/esm/lucide-react.js", imported by "src/components/Projects.jsx".
file: C:/Users/antho/Downloads/Mi Portafolio/src/components/Projects.jsx:5:9

3: import Reveal from './Reveal'
4: import SectionHeader from './SectionHeader'
5: import { Github, ExternalLink } from 'lucide-react'
            ^
6: 
7: function ProjectCard({ num, title, year, desc, tags, href, live, featured, delay }) {

    at getRollupError (file:///C:/Users/antho/Downloads/Mi%20Portafolio/node_modules/rollup/dist/es/shared/parseAst.js:406:41)
    at error (file:///C:/Users/antho/Downloads/Mi%20Portafolio/node_modules/rollup/dist/es/shared/parseAst.js:402:42)
    at Module.error (file:///C:/Users/antho/Downloads/Mi%20Portafolio/node_modules/rollup/dist/es/shared/node-entry.js:17065:16)
    at Module.traceVariable (file:///C:/Users/antho/Downloads/Mi%20Portafolio/node_modules/rollup/dist/es/shared/node-entry.js:17477:29)
    at ModuleScope.findVariable (file:///C:/Users/antho/Downloads/Mi%20Portafolio/node_modules/rollup/dist/es/shared/node-entry.js:15090:39)
    at FunctionScope.findVariable (file:///C:/Users/antho/Downloads/Mi%20Portafolio/node_modules/rollup/dist/es/shared/node-entry.js:5676:38)
    at FunctionBodyScope.findVariable (file:///C:/Users/antho/Downloads/Mi%20Portafolio/node_modules/rollup/dist/es/shared/node-entry.js:5676:38)
    at Identifier.bind (file:///C:/Users/antho/Downloads/Mi%20Portafolio/node_modules/rollup/dist/es/shared/node-entry.js:5450:40)
    at CallExpression.bind (file:///C:/Users/antho/Downloads/Mi%20Portafolio/node_modules/rollup/dist/es/shared/node-entry.js:2828:28)
    at CallExpression.bind (file:///C:/Users/antho/Downloads/Mi%20Portafolio/node_modules/rollup/dist/es/shared/node-entry.js:12199:15)
